<?xml version="1.0" encoding="UTF-8" standalone="no"?>
<testsuite failures="0" name="cucumber.runtime.formatter.JUnitFormatter" skipped="0" tests="2" time="31.649517">
<testcase classname="Free CRM Create Contacts" name="Free CRM create new contacts scenario" time="18.326325">
<system-out><![CDATA[Given User is on Login Page.................................................passed
When title of login page is FreeCRM.........................................passed
Then User enters "kavitha111" and "Finland-2018"............................passed
Then User Clicks on Login Button............................................passed
Then User is on Homepage....................................................passed
Then User moves to new contact page.........................................passed
Then User enters"test1" and "testlast" and "qa".............................passed
Then Close the browser......................................................passed
]]></system-out>
</testcase>
<testcase classname="Free CRM Create Contacts" name="Free CRM create new contacts scenario 2" time="13.323192">
<system-out><![CDATA[Given User is on Login Page.................................................passed
When title of login page is FreeCRM.........................................passed
Then User enters "naveenk" and "test@123"...................................passed
Then User Clicks on Login Button............................................passed
Then User is on Homepage....................................................passed
Then User moves to new contact page.........................................passed
Then User enters"naveentest" and "naveenlast" and "Architect"...............passed
Then Close the browser......................................................passed
]]></system-out>
</testcase>
</testsuite>
